Start testing: Feb 10 09:04 Eastern Standard Time
----------------------------------------------------------
1/1 Testing: WatchdogLogicTest
1/1 Test: WatchdogLogicTest
Command: "C:/Users/Ashish Reena/OneDrive/Desktop/Personal projects/Emergency_Stop/build/test_logic.exe"
Directory: C:/Users/Ashish Reena/OneDrive/Desktop/Personal projects/Emergency_Stop/build
"WatchdogLogicTest" start time: Feb 10 09:04 Eastern Standard Time
Output:
----------------------------------------------------------
<end of output>
Test time =   0.07 sec
----------------------------------------------------------
Test Passed.
"WatchdogLogicTest" end time: Feb 10 09:04 Eastern Standard Time
"WatchdogLogicTest" time elapsed: 00:00:00
----------------------------------------------------------

End testing: Feb 10 09:04 Eastern Standard Time
